Using pre-set license
Built from '2020.3/staging' branch; Version is '2020.3.23f1 (c5d91304a876) revision 12966163'; Using compiler version '192528614'; Build Type 'Release'
OS: 'Windows 10 Home Single Language; OS build 19042.1348; Version 2009; 64bit' Language: 'ru' Physical Memory: 8033 MB
BatchMode: 1, IsHumanControllingUs: 0, StartBugReporterOnCrash: 0, Is64bit: 1, IsPro: 0

COMMAND LINE ARGUMENTS:
D:\Programs\Unity\2020.3.23f1\Editor\Unity.exe
-adb2
-batchMode
-noUpm
-name
AssetImportWorker1
-projectPath
D:/Workshop/Projects/Unity Proj/BlackSheeps
-logFile
Logs/AssetImportWorker1.log
-srvPort
59574
Successfully changed project path to: D:/Workshop/Projects/Unity Proj/BlackSheeps
D:/Workshop/Projects/Unity Proj/BlackSheeps
Using Asset Import Pipeline V2.
Refreshing native plugins compatible for Editor in 53.05 ms, found 2 plugins.
Preloading 0 native plugins for Editor in 0.00 ms.
Initialize engine version: 2020.3.23f1 (c5d91304a876)
[Subsystems] Discovering subsystems at path D:/Programs/Unity/2020.3.23f1/Editor/Data/Resources/UnitySubsystems
[Subsystems] Discovering subsystems at path D:/Workshop/Projects/Unity Proj/BlackSheeps/Assets
GfxDevice: creating device client; threaded=0
Direct3D:
    Version:  Direct3D 11.0 [level 11.1]
    Renderer: NVIDIA GeForce GTX 1050 (ID=0x1c91)
    Vendor:   
    VRAM:     2996 MB
    Driver:   27.21.14.6280
Initialize mono
Mono path[0] = 'D:/Programs/Unity/2020.3.23f1/Editor/Data/Managed'
Mono path[1] = 'D:/Programs/Unity/2020.3.23f1/Editor/Data/MonoBleedingEdge/lib/mono/unityjit'
Mono config path = 'D:/Programs/Unity/2020.3.23f1/Editor/Data/MonoBleedingEdge/etc'
Using monoOptions --debugger-agent=transport=dt_socket,embedding=1,server=y,suspend=n,address=127.0.0.1:56600
Begin MonoManager ReloadAssembly
Registering precompiled unity dll's ...
Register platform support module: D:/Programs/Unity/2020.3.23f1/Editor/Data/PlaybackEngines/WindowsStandaloneSupport/UnityEditor.WindowsStandalone.Extensions.dll
Registered in 0.001007 seconds.
Native extension for WindowsStandalone target not found
Refreshing native plugins compatible for Editor in 71.36 ms, found 2 plugins.
Preloading 0 native plugins for Editor in 0.00 ms.
Mono: successfully reloaded assembly
- Completed reload, in  0.582 seconds
Domain Reload Profiling:
	ReloadAssembly (582ms)
		BeginReloadAssembly (47ms)
			ExecutionOrderSort (0ms)
			DisableScriptedObjects (0ms)
			BackupInstance (0ms)
			ReleaseScriptingObjects (0ms)
			CreateAndSetChildDomain (1ms)
		EndReloadAssembly (469ms)
			LoadAssemblies (47ms)
			RebuildTransferFunctionScriptingTraits (0ms)
			SetupTypeCache (156ms)
			ReleaseScriptCaches (0ms)
			RebuildScriptCaches (28ms)
			SetupLoadedEditorAssemblies (193ms)
				LogAssemblyErrors (0ms)
				InitializePlatformSupportModulesInManaged (3ms)
				SetLoadedEditorAssemblies (0ms)
				RefreshPlugins (71ms)
				BeforeProcessingInitializeOnLoad (16ms)
				ProcessInitializeOnLoadAttributes (76ms)
				ProcessInitializeOnLoadMethodAttributes (26ms)
				AfterProcessingInitializeOnLoad (0ms)
				EditorAssembliesLoaded (0ms)
			ExecutionOrderSort2 (0ms)
			AwakeInstancesAfterBackupRestoration (0ms)
Platform modules already initialized, skipping
Registering precompiled user dll's ...
Registered in 0.004104 seconds.
Begin MonoManager ReloadAssembly
Native extension for WindowsStandalone target not found
Refreshing native plugins compatible for Editor in 54.27 ms, found 2 plugins.
Preloading 0 native plugins for Editor in 0.00 ms.
Mono: successfully reloaded assembly
- Completed reload, in  4.154 seconds
Domain Reload Profiling:
	ReloadAssembly (4173ms)
		BeginReloadAssembly (138ms)
			ExecutionOrderSort (0ms)
			DisableScriptedObjects (4ms)
			BackupInstance (0ms)
			ReleaseScriptingObjects (0ms)
			CreateAndSetChildDomain (19ms)
		EndReloadAssembly (3963ms)
			LoadAssemblies (1900ms)
			RebuildTransferFunctionScriptingTraits (0ms)
			SetupTypeCache (322ms)
			ReleaseScriptCaches (1ms)
			RebuildScriptCaches (63ms)
			SetupLoadedEditorAssemblies (489ms)
				LogAssemblyErrors (0ms)
				InitializePlatformSupportModulesInManaged (3ms)
				SetLoadedEditorAssemblies (0ms)
				RefreshPlugins (54ms)
				BeforeProcessingInitializeOnLoad (78ms)
				ProcessInitializeOnLoadAttributes (290ms)
				ProcessInitializeOnLoadMethodAttributes (62ms)
				AfterProcessingInitializeOnLoad (2ms)
				EditorAssembliesLoaded (0ms)
			ExecutionOrderSort2 (0ms)
			AwakeInstancesAfterBackupRestoration (6ms)
Platform modules already initialized, skipping
========================================================================
Worker process is ready to serve import requests
Launched and connected shader compiler UnityShaderCompiler.exe after 0.31 seconds
Refreshing native plugins compatible for Editor in 1.09 ms, found 2 plugins.
Preloading 0 native plugins for Editor in 0.00 ms.
Unloading 2848 Unused Serialized files (Serialized files now loaded: 0)
System memory in use before: 123.4 MB.
System memory in use after: 123.6 MB.

Unloading 22 unused Assets to reduce memory usage. Loaded Objects now: 3283.
Total: 74.091600 ms (FindLiveObjects: 0.642100 ms CreateObjectMapping: 0.477400 ms MarkObjects: 72.860900 ms  DeleteObjects: 0.108600 ms)

AssetImportParameters requested are different than current active one (requested -> active):
  custom:framework-win-MediaFoundation: 216162199b28c13a410421893ffa2e32 -> 
  custom:video-decoder-ogg-theora: a1e56fd34408186e4bbccfd4996cb3dc -> 
  custom:container-muxer-webm: aa71ff27fc2769a1b78a27578f13a17b -> 
  custom:container-demuxer-webm: 4f35f7cbe854078d1ac9338744f61a02 -> 
  custom:container-demuxer-ogg: 62fdf1f143b41e24485cea50d1cbac27 -> 
  custom:video-encoder-webm-vp8: eb34c28f22e8b96e1ab97ce403110664 -> 
  custom:video-decoder-webm-vp8: 9c59270c3fd7afecdb556c50c9e8de78 -> 
  custom:audio-decoder-ogg-vorbis: bf7c407c2cedff20999df2af8eb42d56 -> 
  custom:audio-encoder-webm-vorbis: bf7c407c2cedff20999df2af8eb42d56 -> 
========================================================================
Received Import Request.
  path: Assets/mouseIco1.png
  artifactKey: Guid(55d90558a9ba8054ca6b79ced8c9487f) Importer(815301076,1909f56bfc062723c751e8b465ee728b)
Start importing Assets/mouseIco1.png using Guid(55d90558a9ba8054ca6b79ced8c9487f) Importer(815301076,1909f56bfc062723c751e8b465ee728b)  -> (artifact id: 'fc15c219e47c849e8be9726d9cc8b29a') in 0.836024 seconds 
  Import took 0.842558 seconds .

========================================================================
Received Import Request.
  Time since last request: 0.000221 seconds.
  path: Assets/DefaultSpritePreset.preset
  artifactKey: Guid(487978ef911e6fb49b69eafc8114f410) Importer(815301076,1909f56bfc062723c751e8b465ee728b)
Start importing Assets/DefaultSpritePreset.preset using Guid(487978ef911e6fb49b69eafc8114f410) Importer(815301076,1909f56bfc062723c751e8b465ee728b)  -> (artifact id: '6761ba3fda7afdc1c8bf16f5661ed10d') in 0.064483 seconds 
  Import took 0.098379 seconds .

========================================================================
Received Import Request.
  Time since last request: 0.000225 seconds.
  path: Assets/mouseIco2.png
  artifactKey: Guid(2fc0df3828d7883498f8c7984cb33cf4) Importer(815301076,1909f56bfc062723c751e8b465ee728b)
Start importing Assets/mouseIco2.png using Guid(2fc0df3828d7883498f8c7984cb33cf4) Importer(815301076,1909f56bfc062723c751e8b465ee728b)  -> (artifact id: 'd455f34c39d58dff6dda041ed0788040') in 0.060973 seconds 
  Import took 0.066847 seconds .

========================================================================
Received Import Request.
  Time since last request: 29.675949 seconds.
  path: Assets/Main.unity
  artifactKey: Guid(93514f7e8ccaa2142963d0ffbfc0b558) Importer(815301076,1909f56bfc062723c751e8b465ee728b)
Start importing Assets/Main.unity using Guid(93514f7e8ccaa2142963d0ffbfc0b558) Importer(815301076,1909f56bfc062723c751e8b465ee728b)  -> (artifact id: '86cb98d08ae8574dcf57dbe4b1a3f3fd') in 0.005967 seconds 
  Import took 0.109356 seconds .

========================================================================
Received Import Request.
  Time since last request: 75.471569 seconds.
  path: Assets/Sprites
  artifactKey: Guid(81899c647d85f9c46bad6c2bc295a57b) Importer(815301076,1909f56bfc062723c751e8b465ee728b)
Start importing Assets/Sprites using Guid(81899c647d85f9c46bad6c2bc295a57b) Importer(815301076,1909f56bfc062723c751e8b465ee728b)  -> (artifact id: 'd1fca118ea8edd8dbccd3c47fb8f9a7e') in 0.006636 seconds 
  Import took 0.010809 seconds .

========================================================================
Received Import Request.
  Time since last request: 1.927539 seconds.
  path: Assets/Sounds
  artifactKey: Guid(df07bd4ed6b7a9b45ac520cb2df99efd) Importer(815301076,1909f56bfc062723c751e8b465ee728b)
Start importing Assets/Sounds using Guid(df07bd4ed6b7a9b45ac520cb2df99efd) Importer(815301076,1909f56bfc062723c751e8b465ee728b)  -> (artifact id: '0ebe7940eae7e49c5cb4041cec2eb180') in 0.009246 seconds 
  Import took 0.014758 seconds .

========================================================================
Received Import Request.
  Time since last request: 41.638297 seconds.
  path: Assets/Test Stuff
  artifactKey: Guid(b356baecafebc904dabe986d906045a5) Importer(815301076,1909f56bfc062723c751e8b465ee728b)
Start importing Assets/Test Stuff using Guid(b356baecafebc904dabe986d906045a5) Importer(815301076,1909f56bfc062723c751e8b465ee728b)  -> (artifact id: '10c86b84855e07e6e79286b464b30737') in 0.007141 seconds 
  Import took 0.013916 seconds .

========================================================================
Received Import Request.
  Time since last request: 0.038381 seconds.
  path: Assets/Test Stuff/Default Sprite Mat.mat
  artifactKey: Guid(e56e4ee0b97b8954cb9cb014f230a26a) Importer(815301076,1909f56bfc062723c751e8b465ee728b)
Start importing Assets/Test Stuff/Default Sprite Mat.mat using Guid(e56e4ee0b97b8954cb9cb014f230a26a) Importer(815301076,1909f56bfc062723c751e8b465ee728b)  -> (artifact id: 'c48637eb1886510cbae8274b76d35e9c') in 0.710098 seconds 
  Import took 0.714309 seconds .

========================================================================
Received Import Request.
  Time since last request: 0.000248 seconds.
  path: Assets/Test Stuff/Sheep 1.png
  artifactKey: Guid(143b48d697a34ae488ca242497bda769) Importer(815301076,1909f56bfc062723c751e8b465ee728b)
Start importing Assets/Test Stuff/Sheep 1.png using Guid(143b48d697a34ae488ca242497bda769) Importer(815301076,1909f56bfc062723c751e8b465ee728b)  -> (artifact id: 'd0e8d19766806b48f973eeaf9a098dd0') in 0.017522 seconds 
  Import took 0.026803 seconds .

========================================================================
Received Import Request.
  Time since last request: 0.000280 seconds.
  path: Assets/Test Stuff/Sprite Mat.mat
  artifactKey: Guid(b3ccdcaabc6f3e244b332be57aef8c5f) Importer(815301076,1909f56bfc062723c751e8b465ee728b)
Start importing Assets/Test Stuff/Sprite Mat.mat using Guid(b3ccdcaabc6f3e244b332be57aef8c5f) Importer(815301076,1909f56bfc062723c751e8b465ee728b)  -> (artifact id: 'a88258a168061fac7e8a50e8a738bcbc') in 0.019969 seconds 
  Import took 0.057147 seconds .

========================================================================
Received Import Request.
  Time since last request: 0.000328 seconds.
  path: Assets/Test Stuff/Test Sprite.png
  artifactKey: Guid(ab5a715a7cf8ed44aa39aee3bf4242c0) Importer(815301076,1909f56bfc062723c751e8b465ee728b)
Start importing Assets/Test Stuff/Test Sprite.png using Guid(ab5a715a7cf8ed44aa39aee3bf4242c0) Importer(815301076,1909f56bfc062723c751e8b465ee728b)  -> (artifact id: 'edeb79e3cd7b6547b4dad21c35f35352') in 0.023727 seconds 
  Import took 0.079760 seconds .

========================================================================
Received Import Request.
  Time since last request: 2.773034 seconds.
  path: Assets/Test Stuff/Test.unity
  artifactKey: Guid(4c1ad0d7ca8adb54aaf3959e07e86693) Importer(815301076,1909f56bfc062723c751e8b465ee728b)
Start importing Assets/Test Stuff/Test.unity using Guid(4c1ad0d7ca8adb54aaf3959e07e86693) Importer(815301076,1909f56bfc062723c751e8b465ee728b)  -> (artifact id: '40e2f5377650223e17bc8289b1529dd5') in 0.006576 seconds 
  Import took 0.056889 seconds .

========================================================================
Received Import Request.
  Time since last request: 6.803218 seconds.
  path: Assets/Test Stuff/Sprite&Shadow.shader
  artifactKey: Guid(a9a057c0ea8dcaa4db28a5e51f95bc43) Importer(815301076,1909f56bfc062723c751e8b465ee728b)
Start importing Assets/Test Stuff/Sprite&Shadow.shader using Guid(a9a057c0ea8dcaa4db28a5e51f95bc43) Importer(815301076,1909f56bfc062723c751e8b465ee728b)  -> (artifact id: '8955dc270084e0c5ceb03434398a40d5') in 0.009433 seconds 
  Import took 0.013929 seconds .

========================================================================
Received Import Request.
  Time since last request: 1778.944321 seconds.
  path: Assets/Sprites/WolfCamp/Hata1.png
  artifactKey: Guid(d01a7f1b331003841a925aef3ec23173) Importer(815301076,1909f56bfc062723c751e8b465ee728b)
Start importing Assets/Sprites/WolfCamp/Hata1.png using Guid(d01a7f1b331003841a925aef3ec23173) Importer(815301076,1909f56bfc062723c751e8b465ee728b)  -> (artifact id: '282b68d7154b0b3ca8540945e7fa38a7') in 1.190734 seconds 
  Import took 1.232983 seconds .

========================================================================
Received Import Request.
  Time since last request: 215.087704 seconds.
  path: Assets/Test Stuff/Sprite&Shadow 1.shader
  artifactKey: Guid(e4295263134c0814685428d7cd789c80) Importer(815301076,1909f56bfc062723c751e8b465ee728b)
Start importing Assets/Test Stuff/Sprite&Shadow 1.shader using Guid(e4295263134c0814685428d7cd789c80) Importer(815301076,1909f56bfc062723c751e8b465ee728b)  -> (artifact id: 'e0a2aa881812d79f96defcc8848303c2') in 0.011290 seconds 
  Import took 0.028083 seconds .

========================================================================
Received Import Request.
  Time since last request: 0.000194 seconds.
  path: Assets/Test Stuff/Sprite Mat.mat
  artifactKey: Guid(b3ccdcaabc6f3e244b332be57aef8c5f) Importer(815301076,1909f56bfc062723c751e8b465ee728b)
Start importing Assets/Test Stuff/Sprite Mat.mat using Guid(b3ccdcaabc6f3e244b332be57aef8c5f) Importer(815301076,1909f56bfc062723c751e8b465ee728b)  -> (artifact id: '33b77c29974e453e66089fc6fdb8b606') in 0.025551 seconds 
  Import took 0.067243 seconds .

========================================================================
Received Import Request.
  Time since last request: 0.000323 seconds.
  path: Assets/Test Stuff/Default Sprite Mat.mat
  artifactKey: Guid(e56e4ee0b97b8954cb9cb014f230a26a) Importer(815301076,1909f56bfc062723c751e8b465ee728b)
Start importing Assets/Test Stuff/Default Sprite Mat.mat using Guid(e56e4ee0b97b8954cb9cb014f230a26a) Importer(815301076,1909f56bfc062723c751e8b465ee728b)  -> (artifact id: '21f3b277982de9e1a621c5523b64401e') in 0.015179 seconds 
  Import took 0.039074 seconds .

========================================================================
Received Import Request.
  Time since last request: 14.746135 seconds.
  path: Assets/Test Stuff/Shadow.shader
  artifactKey: Guid(e4295263134c0814685428d7cd789c80) Importer(815301076,1909f56bfc062723c751e8b465ee728b)
Start importing Assets/Test Stuff/Shadow.shader using Guid(e4295263134c0814685428d7cd789c80) Importer(815301076,1909f56bfc062723c751e8b465ee728b)  -> (artifact id: '5040f8e16468c2435335c894b4862639') in 0.015378 seconds 
  Import took 0.040531 seconds .

========================================================================
Received Import Request.
  Time since last request: 130.884449 seconds.
  path: Assets/Test Stuff/Shadow.shader
  artifactKey: Guid(e4295263134c0814685428d7cd789c80) Importer(815301076,1909f56bfc062723c751e8b465ee728b)
Start importing Assets/Test Stuff/Shadow.shader using Guid(e4295263134c0814685428d7cd789c80) Importer(815301076,1909f56bfc062723c751e8b465ee728b)  -> (artifact id: 'ab257726818e7668cf18edf637e1f711') in 0.007228 seconds 
  Import took 0.098246 seconds .

========================================================================
Received Import Request.
  Time since last request: 9.579634 seconds.
  path: Assets/Test Stuff/Shadow Mat.mat
  artifactKey: Guid(9f8dcde7fa3fdfd45bcb881b820745f4) Importer(815301076,1909f56bfc062723c751e8b465ee728b)
Start importing Assets/Test Stuff/Shadow Mat.mat using Guid(9f8dcde7fa3fdfd45bcb881b820745f4) Importer(815301076,1909f56bfc062723c751e8b465ee728b)  -> (artifact id: 'eca7a784cd803dd6f537bb9f34836ec9') in 0.063928 seconds 
  Import took 0.069256 seconds .

========================================================================
Received Import Request.
  Time since last request: 67.613336 seconds.
  path: Assets/Test Stuff/Shadow.shader
  artifactKey: Guid(e4295263134c0814685428d7cd789c80) Importer(815301076,1909f56bfc062723c751e8b465ee728b)
Start importing Assets/Test Stuff/Shadow.shader using Guid(e4295263134c0814685428d7cd789c80) Importer(815301076,1909f56bfc062723c751e8b465ee728b)  -> (artifact id: '1a38dfaa3c54f81b2b7c53f8206f1218') in 0.004814 seconds 
  Import took 0.012040 seconds .

========================================================================
Received Import Request.
  Time since last request: 227.802351 seconds.
  path: Assets/Animatics/Animatic1/Animatic1.png
  artifactKey: Guid(eeaa28d5278d0ca44b5fb51f46eb4863) Importer(815301076,1909f56bfc062723c751e8b465ee728b)
Start importing Assets/Animatics/Animatic1/Animatic1.png using Guid(eeaa28d5278d0ca44b5fb51f46eb4863) Importer(815301076,1909f56bfc062723c751e8b465ee728b)  -> (artifact id: 'a9bd288c76417f09bcc69cebfa841098') in 0.059104 seconds 
  Import took 0.076505 seconds .

========================================================================
Received Import Request.
  Time since last request: 0.000351 seconds.
  path: Assets/Animatics/Animatic1/Animatic4.png
  artifactKey: Guid(66a717a156256e540bd9154971cf2e84) Importer(815301076,1909f56bfc062723c751e8b465ee728b)
Start importing Assets/Animatics/Animatic1/Animatic4.png using Guid(66a717a156256e540bd9154971cf2e84) Importer(815301076,1909f56bfc062723c751e8b465ee728b)  -> (artifact id: '93ab0f2946bf14a7f0776c65147de010') in 0.045723 seconds 
  Import took 0.051430 seconds .

========================================================================
Received Import Request.
  Time since last request: 0.000420 seconds.
  path: Assets/Animatics/Animatic1/Animatic12.png
  artifactKey: Guid(c32944277b1750e4581210828a07ad48) Importer(815301076,1909f56bfc062723c751e8b465ee728b)
Start importing Assets/Animatics/Animatic1/Animatic12.png using Guid(c32944277b1750e4581210828a07ad48) Importer(815301076,1909f56bfc062723c751e8b465ee728b)  -> (artifact id: '009e0ccff63e30a0a04106d254e265bd') in 0.055882 seconds 
  Import took 0.071747 seconds .

========================================================================
Received Import Request.
  Time since last request: 0.000292 seconds.
  path: Assets/Animatics/Animatic1/Animatic3.png
  artifactKey: Guid(7c462346065ec5445bc251559026fd0f) Importer(815301076,1909f56bfc062723c751e8b465ee728b)
Start importing Assets/Animatics/Animatic1/Animatic3.png using Guid(7c462346065ec5445bc251559026fd0f) Importer(815301076,1909f56bfc062723c751e8b465ee728b)  -> (artifact id: 'fbf1a607665a9c1d69e83a852cd60c68') in 0.048552 seconds 
  Import took 0.056404 seconds .

========================================================================
Received Import Request.
  Time since last request: 0.000340 seconds.
  path: Assets/Animatics/Animatic1/Animatic5.png
  artifactKey: Guid(35d108bd52af10640923d65a63f603b1) Importer(815301076,1909f56bfc062723c751e8b465ee728b)
Start importing Assets/Animatics/Animatic1/Animatic5.png using Guid(35d108bd52af10640923d65a63f603b1) Importer(815301076,1909f56bfc062723c751e8b465ee728b)  -> (artifact id: '5288fdbdcc9be687d7a0f7f1e20897a5') in 0.046801 seconds 
  Import took 0.054887 seconds .

========================================================================
Received Import Request.
  Time since last request: 0.000517 seconds.
  path: Assets/Animatics/Animatic1/Animatic8.png
  artifactKey: Guid(b481664d45618d749b7be54f694f4002) Importer(815301076,1909f56bfc062723c751e8b465ee728b)
Start importing Assets/Animatics/Animatic1/Animatic8.png using Guid(b481664d45618d749b7be54f694f4002) Importer(815301076,1909f56bfc062723c751e8b465ee728b)  -> (artifact id: '1dc56f328dd11b04471f2d67780a2928') in 0.037685 seconds 
  Import took 0.043590 seconds .

========================================================================
Received Import Request.
  Time since last request: 0.000312 seconds.
  path: Assets/Animatics/Animatic1/Animatic2.png
  artifactKey: Guid(860a1ecc7e25afb4ca58230c2891ef41) Importer(815301076,1909f56bfc062723c751e8b465ee728b)
Start importing Assets/Animatics/Animatic1/Animatic2.png using Guid(860a1ecc7e25afb4ca58230c2891ef41) Importer(815301076,1909f56bfc062723c751e8b465ee728b)  -> (artifact id: 'c919809bdfbbceca44facc6625fc24e8') in 0.073398 seconds 
  Import took 0.081539 seconds .

========================================================================
Received Import Request.
  Time since last request: 0.000344 seconds.
  path: Assets/Animatics/Animatic1/Animatic6.png
  artifactKey: Guid(0d19e8d7612223e4bb4f483b5527061c) Importer(815301076,1909f56bfc062723c751e8b465ee728b)
Start importing Assets/Animatics/Animatic1/Animatic6.png using Guid(0d19e8d7612223e4bb4f483b5527061c) Importer(815301076,1909f56bfc062723c751e8b465ee728b)  -> (artifact id: 'e504949d04741c124fab8292dd26c535') in 0.038292 seconds 
  Import took 0.045109 seconds .

========================================================================
Received Import Request.
  Time since last request: 0.000249 seconds.
  path: Assets/Animatics/Animatic1/Animatic7.png
  artifactKey: Guid(e4d646ed1526d484793b6cc93f8adf9f) Importer(815301076,1909f56bfc062723c751e8b465ee728b)
Start importing Assets/Animatics/Animatic1/Animatic7.png using Guid(e4d646ed1526d484793b6cc93f8adf9f) Importer(815301076,1909f56bfc062723c751e8b465ee728b)  -> (artifact id: '96adecd4a0e4a34012943660a70376ef') in 0.038921 seconds 
  Import took 0.046456 seconds .

========================================================================
Received Import Request.
  Time since last request: 0.000207 seconds.
  path: Assets/Animatics/Animatic1/Animatic11.png
  artifactKey: Guid(d7a242a2e54f72947b8ee1d95df7ab02) Importer(815301076,1909f56bfc062723c751e8b465ee728b)
Start importing Assets/Animatics/Animatic1/Animatic11.png using Guid(d7a242a2e54f72947b8ee1d95df7ab02) Importer(815301076,1909f56bfc062723c751e8b465ee728b)  -> (artifact id: 'd4143c382e20c64a0a5731f217ea4e4f') in 0.041097 seconds 
  Import took 0.046312 seconds .

========================================================================
Received Import Request.
  Time since last request: 0.000377 seconds.
  path: Assets/Animatics/Animatic1/Animatic9.png
  artifactKey: Guid(67e1b6de298ac9149abe0f0a78ab1352) Importer(815301076,1909f56bfc062723c751e8b465ee728b)
Start importing Assets/Animatics/Animatic1/Animatic9.png using Guid(67e1b6de298ac9149abe0f0a78ab1352) Importer(815301076,1909f56bfc062723c751e8b465ee728b)  -> (artifact id: '877de3e65f98a17b0e90dfc449a3eb02') in 0.042310 seconds 
  Import took 0.047737 seconds .

========================================================================
Received Import Request.
  Time since last request: 0.000241 seconds.
  path: Assets/Animatics/Animatic1/Animatic10.png
  artifactKey: Guid(7d4a6a5e02f48df46a71599e0e0a7120) Importer(815301076,1909f56bfc062723c751e8b465ee728b)
Start importing Assets/Animatics/Animatic1/Animatic10.png using Guid(7d4a6a5e02f48df46a71599e0e0a7120) Importer(815301076,1909f56bfc062723c751e8b465ee728b)  -> (artifact id: '1d9022b3713b3058ca1aa4295f848ecb') in 0.031433 seconds 
  Import took 0.037306 seconds .

========================================================================
Received Import Request.
  Time since last request: 373.668714 seconds.
  path: Assets/Sprites/Farm/FarmSpritePack1.png
  artifactKey: Guid(f12a2f1b21e55fe41867094b73af3ddd) Importer(815301076,1909f56bfc062723c751e8b465ee728b)
Start importing Assets/Sprites/Farm/FarmSpritePack1.png using Guid(f12a2f1b21e55fe41867094b73af3ddd) Importer(815301076,1909f56bfc062723c751e8b465ee728b)  -> (artifact id: '7bfe49f98d448a254de4584fc163dda7') in 0.198553 seconds 
  Import took 0.205578 seconds .

========================================================================
Received Import Request.
  Time since last request: 10.133846 seconds.
  path: Assets/Sprites/WolfCamp/Hata2.png
  artifactKey: Guid(c22f986cb1094a9409324b70080f15d5) Importer(815301076,1909f56bfc062723c751e8b465ee728b)
Start importing Assets/Sprites/WolfCamp/Hata2.png using Guid(c22f986cb1094a9409324b70080f15d5) Importer(815301076,1909f56bfc062723c751e8b465ee728b)  -> (artifact id: 'c2c8cd87d04d27e717fa60fa8450b476') in 0.075448 seconds 
  Import took 0.084816 seconds .

========================================================================
Received Import Request.
  Time since last request: 7226.118635 seconds.
  path: Assets/Test Stuff/Shadow.shader
  artifactKey: Guid(e4295263134c0814685428d7cd789c80) Importer(815301076,1909f56bfc062723c751e8b465ee728b)
Start importing Assets/Test Stuff/Shadow.shader using Guid(e4295263134c0814685428d7cd789c80) Importer(815301076,1909f56bfc062723c751e8b465ee728b)  -> (artifact id: '684946d2668ec2f9be7661d44b7bd3ce') in 0.187174 seconds 
  Import took 0.474548 seconds .

========================================================================
Received Import Request.
  Time since last request: 3.871554 seconds.
  path: Assets/Test Stuff/Shadow Mat.mat
  artifactKey: Guid(9f8dcde7fa3fdfd45bcb881b820745f4) Importer(815301076,1909f56bfc062723c751e8b465ee728b)
Start importing Assets/Test Stuff/Shadow Mat.mat using Guid(9f8dcde7fa3fdfd45bcb881b820745f4) Importer(815301076,1909f56bfc062723c751e8b465ee728b)  -> (artifact id: 'b4f298cef2bae166c45188f363cffc13') in 0.311361 seconds 
  Import took 0.330075 seconds .

========================================================================
Received Import Request.
  Time since last request: 658.285683 seconds.
  path: Assets/End.unity
  artifactKey: Guid(8da794367f54ab34c9fd9034b2ab3e09) Importer(815301076,1909f56bfc062723c751e8b465ee728b)
Start importing Assets/End.unity using Guid(8da794367f54ab34c9fd9034b2ab3e09) Importer(815301076,1909f56bfc062723c751e8b465ee728b)  -> (artifact id: '57394a3366bc3da1ca4436aff7d20d45') in 0.085600 seconds 
  Import took 0.092664 seconds .

